<?xml version="1.0" encoding="UTF-8"?>
<!-- Generated by org.testng.reporters.JUnitReportReporter -->
<testsuite hostname="DESKTOP-1MRBHHO" failures="0" tests="2" name="com.byzwiz.tests.FreshFoodOutlet" time="206.213" errors="0" timestamp="2025-08-06T12:03:46 IST" skipped="1">
  <testcase classname="com.byzwiz.tests.FreshFoodOutlet" name="freshFoodOutletFlow" time="130.818"/>
  <system-out/>
  <testcase classname="com.byzwiz.tests.FreshFoodOutlet" name="freshFoodOutletFlow" time="75.395">
    <skipped/>
  </testcase> <!-- freshFoodOutletFlow -->
  <system-out/>
</testsuite> <!-- com.byzwiz.tests.FreshFoodOutlet -->
