<?xml version="1.0" encoding="UTF-8"?>
<!-- Generated by org.testng.reporters.JUnitReportReporter -->
<testsuite hostname="DESKTOP-1MRBHHO" failures="0" tests="1" name="com.byzwiz.tests.ReportEmailSender" time="0.003" errors="0" timestamp="2025-08-06T11:06:31 IST" skipped="0">
  <testcase classname="com.byzwiz.tests.ReportEmailSender" name="dummyReportSender" time="0.003"/>
  <system-out/>
</testsuite> <!-- com.byzwiz.tests.ReportEmailSender -->
